INFO  09:14:42 Application started. Press Ctrl+C to shut down.
INFO  09:14:42 Application started. Press Ctrl+C to shut down.
INFO  09:14:42 Hosting environment: Development
INFO  09:14:42 Hosting environment: Development
INFO  09:14:42 Content root path: D:\MyAspDotNetProjects\AuditChecklistModule
INFO  09:14:42 Content root path: D:\MyAspDotNetProjects\AuditChecklistModule
INFO  09:15:07 AuditChecklistController Http GET request calledAuditChecklistController
INFO  09:15:07  Http GET request calledChecklistProvider
INFO  09:15:07 Log from ChecklistRepo
INFO  09:15:21 AuditChecklistController Http GET request calledAuditChecklistController
INFO  09:15:21  Http GET request calledChecklistProvider
INFO  09:15:21 Log from ChecklistRepo
INFO  09:17:22 Application started. Press Ctrl+C to shut down.
INFO  09:17:22 Application started. Press Ctrl+C to shut down.
INFO  09:17:22 Hosting environment: Development
INFO  09:17:22 Hosting environment: Development
INFO  09:17:22 Content root path: D:\MyAspDotNetProjects\AuditChecklistModule
INFO  09:17:22 Content root path: D:\MyAspDotNetProjects\AuditChecklistModule
INFO  09:17:28 AuditChecklistController Http GET request calledAuditChecklistController
INFO  09:17:28  Http GET request calledChecklistProvider
INFO  09:17:28 Log from ChecklistRepo
INFO  09:17:33 AuditChecklistController Http GET request calledAuditChecklistController
INFO  09:18:51 Application started. Press Ctrl+C to shut down.
INFO  09:18:51 Application started. Press Ctrl+C to shut down.
INFO  09:18:51 Hosting environment: Development
INFO  09:18:51 Hosting environment: Development
INFO  09:18:51 Content root path: D:\MyAspDotNetProjects\AuditChecklistModule
INFO  09:18:51 Content root path: D:\MyAspDotNetProjects\AuditChecklistModule
INFO  09:19:57 AuditChecklistController Http GET request calledAuditChecklistController
INFO  09:20:03 AuditChecklistController Http GET request calledAuditChecklistController
INFO  09:09:36 Application started. Press Ctrl+C to shut down.
INFO  09:09:36 Application started. Press Ctrl+C to shut down.
INFO  09:09:36 Hosting environment: Development
INFO  09:09:36 Hosting environment: Development
INFO  09:09:36 Content root path: C:\Users\suvin\Downloads\AuditChecklistModule
INFO  09:09:36 Content root path: C:\Users\suvin\Downloads\AuditChecklistModule
INFO  09:11:25 Application started. Press Ctrl+C to shut down.
INFO  09:11:25 Application started. Press Ctrl+C to shut down.
INFO  09:11:25 Hosting environment: Development
INFO  09:11:25 Hosting environment: Development
INFO  09:11:25 Content root path: C:\Users\suvin\Downloads\AuditChecklistModule
INFO  09:11:25 Content root path: C:\Users\suvin\Downloads\AuditChecklistModule
INFO  09:12:21 Application started. Press Ctrl+C to shut down.
INFO  09:12:21 Application started. Press Ctrl+C to shut down.
INFO  09:12:21 Hosting environment: Development
INFO  09:12:21 Hosting environment: Development
INFO  09:12:21 Content root path: C:\Users\suvin\Downloads\AuditChecklistModule
INFO  09:12:21 Content root path: C:\Users\suvin\Downloads\AuditChecklistModule
INFO  09:29:37 AuditChecklistController Http GET request calledAuditChecklistController
INFO  09:29:37  Http GET request calledChecklistProvider
INFO  09:29:37 Log from ChecklistRepo
INFO  09:30:24 AuditChecklistController Http GET request calledAuditChecklistController
INFO  09:30:24  Http GET request calledChecklistProvider
INFO  09:30:24 Log from ChecklistRepo
INFO  09:53:45 Application started. Press Ctrl+C to shut down.
INFO  09:53:45 Application started. Press Ctrl+C to shut down.
INFO  09:53:45 Hosting environment: Development
INFO  09:53:45 Hosting environment: Development
INFO  09:53:45 Content root path: C:\Users\suvin\Downloads\AuditChecklistModule
INFO  09:53:45 Content root path: C:\Users\suvin\Downloads\AuditChecklistModule
INFO  10:01:58 Application started. Press Ctrl+C to shut down.
INFO  10:01:58 Application started. Press Ctrl+C to shut down.
INFO  10:01:58 Hosting environment: Development
INFO  10:01:58 Hosting environment: Development
INFO  10:01:58 Content root path: C:\Users\suvin\Downloads\AuditChecklistModule
INFO  10:01:58 Content root path: C:\Users\suvin\Downloads\AuditChecklistModule
INFO  10:06:24 Application started. Press Ctrl+C to shut down.
INFO  10:06:24 Application started. Press Ctrl+C to shut down.
INFO  10:06:24 Hosting environment: Development
INFO  10:06:24 Hosting environment: Development
INFO  10:06:24 Content root path: C:\Users\suvin\Downloads\AuditChecklistModule
INFO  10:06:24 Content root path: C:\Users\suvin\Downloads\AuditChecklistModule
INFO  10:15:41 Application started. Press Ctrl+C to shut down.
INFO  10:15:41 Application started. Press Ctrl+C to shut down.
INFO  10:15:41 Hosting environment: Development
INFO  10:15:41 Hosting environment: Development
INFO  10:15:41 Content root path: C:\Users\suvin\Downloads\AuditChecklistModule
INFO  10:15:41 Content root path: C:\Users\suvin\Downloads\AuditChecklistModule
INFO  10:17:09 Application started. Press Ctrl+C to shut down.
INFO  10:17:09 Application started. Press Ctrl+C to shut down.
INFO  10:17:09 Hosting environment: Development
INFO  10:17:09 Hosting environment: Development
INFO  10:17:09 Content root path: C:\Users\suvin\Downloads\AuditChecklistModule
INFO  10:17:09 Content root path: C:\Users\suvin\Downloads\AuditChecklistModule
INFO  10:51:24 AuditChecklistController Http GET request calledAuditChecklistController
INFO  10:51:24  Http GET request calledChecklistProvider
INFO  10:51:24 Log from ChecklistRepo
INFO  10:51:49 AuditChecklistController Http GET request calledAuditChecklistController
INFO  10:51:49  Http GET request calledChecklistProvider
INFO  10:51:49 Log from ChecklistRepo
INFO  12:02:22 Application started. Press Ctrl+C to shut down.
INFO  12:02:22 Application started. Press Ctrl+C to shut down.
INFO  12:02:22 Hosting environment: Development
INFO  12:02:22 Hosting environment: Development
INFO  12:02:22 Content root path: C:\Users\suvin\Downloads\AuditChecklistModule
INFO  12:02:22 Content root path: C:\Users\suvin\Downloads\AuditChecklistModule
INFO  12:04:07 Application started. Press Ctrl+C to shut down.
INFO  12:04:07 Application started. Press Ctrl+C to shut down.
INFO  12:04:07 Hosting environment: Development
INFO  12:04:07 Hosting environment: Development
INFO  12:04:07 Content root path: C:\Users\suvin\Downloads\AuditChecklistModule
INFO  12:04:07 Content root path: C:\Users\suvin\Downloads\AuditChecklistModule
INFO  12:04:31 AuditChecklistController Http GET request calledAuditChecklistController
INFO  12:04:31  Http GET request calledChecklistProvider
INFO  12:04:31 Log from ChecklistRepo
INFO  12:09:53 Application started. Press Ctrl+C to shut down.
INFO  12:09:53 Application started. Press Ctrl+C to shut down.
INFO  12:09:53 Hosting environment: Development
INFO  12:09:53 Hosting environment: Development
INFO  12:09:53 Content root path: C:\Users\suvin\Downloads\AuditChecklistModule
INFO  12:09:53 Content root path: C:\Users\suvin\Downloads\AuditChecklistModule
INFO  12:15:15 Application started. Press Ctrl+C to shut down.
INFO  12:15:15 Application started. Press Ctrl+C to shut down.
INFO  12:15:15 Hosting environment: Development
INFO  12:15:15 Hosting environment: Development
INFO  12:15:15 Content root path: C:\Users\suvin\Downloads\AuditChecklistModule
INFO  12:15:15 Content root path: C:\Users\suvin\Downloads\AuditChecklistModule
